<?xml version="1.0" encoding="UTF-8"?>
<testng-results ignored="0" total="1" passed="1" failed="0" skipped="0">
  <reporter-output>
  </reporter-output>
  <suite started-at="2023-08-09T17:33:34 IST" name="Default suite" finished-at="2023-08-09T17:35:18 IST" duration-ms="103890">
    <groups>
      <group name="cucumber">
        <method signature="AbstractTestNGCucumberTests.runScenario(io.cucumber.testng.PickleWrapper,io.cucumber.testng.FeatureWrapper)[pri:0, instance:runner.mainRunner@6892b3b6]" name="runScenario" class="io.cucumber.testng.AbstractTestNGCucumberTests"/>
      </group> <!-- cucumber -->
    </groups>
    <test started-at="2023-08-09T17:33:34 IST" name="Default test" finished-at="2023-08-09T17:35:18 IST" duration-ms="103890">
      <class name="runner.mainRunner">
        <test-method is-config="true" signature="setUpClass(org.testng.ITestContext)[pri:0, instance:runner.mainRunner@6892b3b6]" started-at="2023-08-09T17:33:34 IST" name="setUpClass" finished-at="2023-08-09T17:33:35 IST" duration-ms="516" status="PASS">
          <params>
            <param index="0">
              <value>
                <![CDATA[org.testng.TestRunner@14fa92af]]>
              </value>
            </param>
          </params>
          <reporter-output>
          </reporter-output>
        </test-method> <!-- setUpClass -->
        <test-method signature="runScenario(io.cucumber.testng.PickleWrapper,io.cucumber.testng.FeatureWrapper)[pri:0, instance:runner.mainRunner@6892b3b6]" started-at="2023-08-09T17:33:35 IST" name="runScenario" description="Runs Cucumber Scenarios" data-provider="scenarios" finished-at="2023-08-09T17:35:17 IST" duration-ms="102675" status="PASS">
          <params>
            <param index="0">
              <value>
                <![CDATA["As a user I want to search a flight through Lufthansa application"]]>
              </value>
            </param>
            <param index="1">
              <value>
                <![CDATA["Flight search functionality"]]>
              </value>
            </param>
          </params>
          <reporter-output>
          </reporter-output>
        </test-method> <!-- runScenario -->
        <test-method is-config="true" signature="tearDownClass()[pri:0, instance:runner.mainRunner@6892b3b6]" started-at="2023-08-09T17:35:17 IST" name="tearDownClass" finished-at="2023-08-09T17:35:18 IST" duration-ms="595" status="PASS">
          <reporter-output>
          </reporter-output>
        </test-method> <!-- tearDownClass -->
      </class> <!-- runner.mainRunner -->
    </test> <!-- Default test -->
  </suite> <!-- Default suite -->
</testng-results>
